2017-10-24 22:52:10,941 [main] INFO  com.zalando.base.BaseClass - Creating Chrome Driver
2017-10-24 22:52:10,957 [main] INFO  com.zalando.base.BaseClass - Setting Chrome Capabilities and initiating Chrome Driver
2017-10-24 22:52:15,460 [main] INFO  com.zalando.base.BaseClass - Getting the test data from the test data sheet
2017-10-24 22:52:15,490 [main] INFO  com.zalando.commonUtils.CommonUtils - Maximising browser window
2017-10-24 22:52:18,703 [main] INFO  com.zalando.commonUtils.CommonUtils - Hitting the URL https://www.zalando.de/
2017-10-24 22:54:23,792 [main] INFO  com.zalando.page.ObjectRepository - Clicking On Login Icon
2017-10-24 22:54:24,056 [main] INFO  com.zalando.commonUtils.CommonUtils - Element //*[@id='fieldAccountAccountBox'] found. Clicking on element
2017-10-25 00:54:44,401 [main] INFO  com.zalando.base.BaseClass - Creating Chrome Driver
2017-10-25 00:55:49,704 [main] INFO  com.zalando.base.BaseClass - Creating Chrome Driver
2017-10-25 00:58:10,753 [main] INFO  com.zalando.base.BaseClass - Setting Chrome Capabilities and initiating Chrome Driver
2017-10-25 01:01:51,782 [main] INFO  com.zalando.base.BaseClass - Creating Chrome Driver
2017-10-25 01:01:51,822 [main] INFO  com.zalando.base.BaseClass - Setting Chrome Capabilities and initiating Chrome Driver
2017-10-25 01:03:21,577 [main] INFO  com.zalando.base.BaseClass - Creating Chrome Driver
2017-10-25 01:04:05,073 [main] INFO  com.zalando.base.BaseClass - Creating Chrome Driver
2017-10-25 01:04:14,898 [main] INFO  com.zalando.base.BaseClass - Setting Chrome Capabilities and initiating Chrome Driver
2017-10-25 01:04:19,462 [main] INFO  com.zalando.base.BaseClass - Getting the test data from the test data sheet
2017-10-25 01:04:19,464 [main] INFO  com.zalando.commonUtils.CommonUtils - Maximising browser window
2017-10-25 01:04:22,673 [main] INFO  com.zalando.commonUtils.CommonUtils - Hitting the URL https://www.zalando.de/
2017-10-25 01:04:50,430 [main] INFO  com.zalando.page.ObjectRepository - Clicking On Login Icon
2017-10-25 01:08:22,594 [main] INFO  com.zalando.base.BaseClass - Creating Chrome Driver
2017-10-25 01:08:22,625 [main] INFO  com.zalando.base.BaseClass - Setting Chrome Capabilities and initiating Chrome Driver
2017-10-25 01:08:27,352 [main] INFO  com.zalando.base.BaseClass - Getting the test data from the test data sheet
2017-10-25 01:08:27,383 [main] INFO  com.zalando.commonUtils.CommonUtils - Maximising browser window
2017-10-25 01:08:30,735 [main] INFO  com.zalando.commonUtils.CommonUtils - Hitting the URL https://www.zalando.de/
2017-10-25 01:10:17,910 [main] INFO  com.zalando.page.ObjectRepository - Clicking On Login Icon
2017-10-25 01:10:18,459 [main] INFO  com.zalando.commonUtils.CommonUtils - Element //*[@id='fieldAccountAccountBox'] found. Clicking on element
2017-10-25 01:10:20,870 [main] INFO  com.zalando.commonUtils.CommonUtils - Element //*[@id='fieldLogin'] found. Clicking on element
2017-10-25 01:11:01,935 [main] INFO  com.zalando.commonUtils.CommonUtils - Element //button[contains(@class,'login_button')] found. Clicking on element
2017-10-25 01:11:04,035 [main] INFO  com.zalando.base.BaseClass - Searching the product : DK151H09R-C11
2017-10-25 01:11:04,036 [main] INFO  com.zalando.page.ObjectRepository - Searching for product DK151H09R-C11
2017-10-25 01:11:36,535 [main] INFO  com.zalando.commonUtils.CommonUtils - Element //*[@id='searchContent'] found. Clicking on element
2017-10-25 01:11:36,936 [main] INFO  com.zalando.commonUtils.CommonUtils - Element //*[@id='searchButtonTopSubmit'] found. Clicking on element
2017-10-25 01:12:15,440 [main] INFO  com.zalando.base.BaseClass - Checking if the product is valid
2017-10-25 01:12:32,886 [main] INFO  com.zalando.base.BaseClass - Product found. Checking if the product is on stock
2017-10-25 01:12:32,918 [main] INFO  com.zalando.base.BaseClass - Adding the product to Cart
2017-10-25 01:12:33,063 [main] INFO  com.zalando.commonUtils.CommonUtils - Element //*[@id='z-pdp-topSection-addToCartButton'] found. Clicking on element
2017-10-25 01:12:33,243 [main] INFO  com.zalando.page.ObjectRepository - Product Added to bag
2017-10-25 01:12:33,374 [main] INFO  com.zalando.page.ObjectRepository - Clicking On Cart Icon
2017-10-25 01:12:33,475 [main] INFO  com.zalando.commonUtils.CommonUtils - Element //a[@href='/cart/'] found. Clicking on element
2017-10-25 01:12:40,947 [main] INFO  com.zalando.page.ObjectRepository - Selecting the quantity
2017-10-25 01:12:48,189 [main] INFO  com.zalando.page.ObjectRepository - Moving to wishlist
2017-10-25 10:23:07,572 [main] INFO  com.zalando.base.BaseClass - Creating Chrome Driver
2017-10-25 10:23:07,953 [main] INFO  com.zalando.base.BaseClass - Setting Chrome Capabilities and initiating Chrome Driver
2017-10-25 10:23:23,122 [main] INFO  com.zalando.base.BaseClass - Getting the test data from the test data sheet
2017-10-25 10:23:23,169 [main] INFO  com.zalando.commonUtils.CommonUtils - Maximising browser window
2017-10-25 10:23:26,543 [main] INFO  com.zalando.commonUtils.CommonUtils - Hitting the URL https://www.zalando.de/
2017-10-25 10:23:42,866 [main] INFO  com.zalando.page.ObjectRepository - Clicking On Login Icon
2017-10-25 10:23:43,258 [main] INFO  com.zalando.commonUtils.CommonUtils - Element //*[@id='fieldAccountAccountBox'] found. Clicking on element
2017-10-25 10:23:45,841 [main] INFO  com.zalando.commonUtils.CommonUtils - Element //*[@id='fieldLogin'] found. Clicking on element
2017-10-25 10:23:50,926 [main] INFO  com.zalando.commonUtils.CommonUtils - Element //button[contains(@class,'login_button')] found. Clicking on element
2017-10-25 10:23:53,094 [main] INFO  com.zalando.base.BaseClass - Searching the product : DK151H09R-C11
2017-10-25 10:23:53,094 [main] INFO  com.zalando.page.ObjectRepository - Searching for product DK151H09R-C11
2017-10-25 10:23:54,225 [main] INFO  com.zalando.commonUtils.CommonUtils - Element //*[@id='searchContent'] found. Clicking on element
2017-10-25 10:23:54,931 [main] INFO  com.zalando.commonUtils.CommonUtils - Element //*[@id='searchButtonTopSubmit'] found. Clicking on element
2017-10-25 10:23:58,817 [main] INFO  com.zalando.base.BaseClass - Checking if the product is valid
2017-10-25 10:24:00,581 [main] INFO  com.zalando.base.BaseClass - Product found. Checking if the product is on stock
2017-10-25 10:24:00,629 [main] INFO  com.zalando.base.BaseClass - Adding the product to Cart
2017-10-25 10:24:00,878 [main] INFO  com.zalando.commonUtils.CommonUtils - Element //*[@id='z-pdp-topSection-addToCartButton'] found. Clicking on element
2017-10-25 10:24:01,066 [main] INFO  com.zalando.page.ObjectRepository - Product Added to bag
2017-10-25 10:24:01,194 [main] INFO  com.zalando.page.ObjectRepository - Clicking On Cart Icon
2017-10-25 10:24:02,099 [main] INFO  com.zalando.commonUtils.CommonUtils - Element //a[@href='/cart/'] found. Clicking on element
2017-10-25 10:24:03,804 [main] INFO  com.zalando.page.ObjectRepository - Selecting the quantity
2017-10-25 10:24:07,922 [main] INFO  com.zalando.page.ObjectRepository - Moving to wishlist
2017-10-25 10:26:01,009 [main] INFO  com.zalando.base.BaseClass - Creating Chrome Driver
2017-10-25 10:26:01,040 [main] INFO  com.zalando.base.BaseClass - Setting Chrome Capabilities and initiating Chrome Driver
2017-10-25 10:26:08,954 [main] INFO  com.zalando.base.BaseClass - Getting the test data from the test data sheet
2017-10-25 10:26:09,197 [main] INFO  com.zalando.commonUtils.CommonUtils - Maximising browser window
2017-10-25 10:26:12,600 [main] INFO  com.zalando.commonUtils.CommonUtils - Hitting the URL https://www.zalando.de/
2017-10-25 10:26:20,974 [main] INFO  com.zalando.page.ObjectRepository - Clicking On Login Icon
2017-10-25 10:26:21,220 [main] INFO  com.zalando.commonUtils.CommonUtils - Element //*[@id='fieldAccountAccountBox'] found. Clicking on element
2017-10-25 10:26:23,606 [main] INFO  com.zalando.commonUtils.CommonUtils - Element //*[@id='fieldLogin'] found. Clicking on element
2017-10-25 10:26:27,513 [main] INFO  com.zalando.commonUtils.CommonUtils - Element //button[contains(@class,'login_button')] found. Clicking on element
2017-10-25 10:26:29,621 [main] INFO  com.zalando.base.BaseClass - Searching the product : DK151H09R-C11
2017-10-25 10:26:29,621 [main] INFO  com.zalando.page.ObjectRepository - Searching for product DK151H09R-C11
2017-10-25 10:26:30,505 [main] INFO  com.zalando.commonUtils.CommonUtils - Element //*[@id='searchContent'] found. Clicking on element
2017-10-25 10:26:31,112 [main] INFO  com.zalando.commonUtils.CommonUtils - Element //*[@id='searchButtonTopSubmit'] found. Clicking on element
2017-10-25 10:26:34,673 [main] INFO  com.zalando.base.BaseClass - Checking if the product is valid
2017-10-25 10:26:36,150 [main] INFO  com.zalando.base.BaseClass - Product found. Checking if the product is on stock
2017-10-25 10:26:36,265 [main] INFO  com.zalando.base.BaseClass - Adding the product to Cart
2017-10-25 10:26:36,590 [main] INFO  com.zalando.commonUtils.CommonUtils - Element //*[@id='z-pdp-topSection-addToCartButton'] found. Clicking on element
2017-10-25 10:26:36,749 [main] INFO  com.zalando.page.ObjectRepository - Product Added to bag
2017-10-25 10:26:36,869 [main] INFO  com.zalando.page.ObjectRepository - Clicking On Cart Icon
2017-10-25 10:26:37,767 [main] INFO  com.zalando.commonUtils.CommonUtils - Element //a[@href='/cart/'] found. Clicking on element
2017-10-25 10:26:39,261 [main] INFO  com.zalando.page.ObjectRepository - Selecting the quantity
2017-10-25 10:26:43,408 [main] INFO  com.zalando.page.ObjectRepository - Moving to wishlist
2017-10-25 10:28:04,499 [main] INFO  com.zalando.base.BaseClass - Creating Chrome Driver
2017-10-25 10:28:04,530 [main] INFO  com.zalando.base.BaseClass - Setting Chrome Capabilities and initiating Chrome Driver
2017-10-25 10:28:09,294 [main] INFO  com.zalando.base.BaseClass - Getting the test data from the test data sheet
2017-10-25 10:28:09,314 [main] INFO  com.zalando.commonUtils.CommonUtils - Maximising browser window
2017-10-25 10:28:12,509 [main] INFO  com.zalando.commonUtils.CommonUtils - Hitting the URL https://www.zalando.de/
2017-10-25 10:28:19,813 [main] INFO  com.zalando.page.ObjectRepository - Clicking On Login Icon
2017-10-25 10:28:20,176 [main] INFO  com.zalando.commonUtils.CommonUtils - Element //*[@id='fieldAccountAccountBox'] found. Clicking on element
2017-10-25 10:28:22,777 [main] INFO  com.zalando.commonUtils.CommonUtils - Element //*[@id='fieldLogin'] found. Clicking on element
2017-10-25 10:28:25,864 [main] INFO  com.zalando.commonUtils.CommonUtils - Element //button[contains(@class,'login_button')] found. Clicking on element
2017-10-25 10:28:27,998 [main] INFO  com.zalando.base.BaseClass - Searching the product : DK151H09R-C11
2017-10-25 10:28:27,998 [main] INFO  com.zalando.page.ObjectRepository - Searching for product DK151H09R-C11
2017-10-25 10:28:28,945 [main] INFO  com.zalando.commonUtils.CommonUtils - Element //*[@id='searchContent'] found. Clicking on element
2017-10-25 10:28:29,361 [main] INFO  com.zalando.commonUtils.CommonUtils - Element //*[@id='searchButtonTopSubmit'] found. Clicking on element
2017-10-25 10:28:32,818 [main] INFO  com.zalando.base.BaseClass - Checking if the product is valid
2017-10-25 10:28:33,041 [main] INFO  com.zalando.base.BaseClass - Product found. Checking if the product is on stock
2017-10-25 10:28:34,587 [main] INFO  com.zalando.base.BaseClass - Adding the product to Cart
2017-10-25 10:28:34,958 [main] INFO  com.zalando.commonUtils.CommonUtils - Element //*[@id='z-pdp-topSection-addToCartButton'] found. Clicking on element
2017-10-25 10:28:35,201 [main] INFO  com.zalando.page.ObjectRepository - Product Added to bag
2017-10-25 10:28:36,312 [main] INFO  com.zalando.page.ObjectRepository - Clicking On Cart Icon
2017-10-25 10:28:36,492 [main] INFO  com.zalando.commonUtils.CommonUtils - Element //a[@href='/cart/'] found. Clicking on element
2017-10-25 10:28:37,806 [main] INFO  com.zalando.page.ObjectRepository - Selecting the quantity
2017-10-25 10:28:42,539 [main] INFO  com.zalando.page.ObjectRepository - Moving to wishlist
2017-10-25 10:29:44,597 [main] INFO  com.zalando.base.BaseClass - Creating Chrome Driver
2017-10-25 10:29:44,636 [main] INFO  com.zalando.base.BaseClass - Setting Chrome Capabilities and initiating Chrome Driver
2017-10-25 10:29:48,709 [main] INFO  com.zalando.base.BaseClass - Getting the test data from the test data sheet
2017-10-25 10:29:48,724 [main] INFO  com.zalando.commonUtils.CommonUtils - Maximising browser window
2017-10-25 10:29:51,954 [main] INFO  com.zalando.commonUtils.CommonUtils - Hitting the URL https://www.zalando.de/
2017-10-25 10:29:59,567 [main] INFO  com.zalando.page.ObjectRepository - Clicking On Login Icon
2017-10-25 10:29:59,954 [main] INFO  com.zalando.commonUtils.CommonUtils - Element //*[@id='fieldAccountAccountBox'] found. Clicking on element
2017-10-25 10:30:02,338 [main] INFO  com.zalando.commonUtils.CommonUtils - Element //*[@id='fieldLogin'] found. Clicking on element
2017-10-25 10:30:05,080 [main] INFO  com.zalando.commonUtils.CommonUtils - Element //button[contains(@class,'login_button')] found. Clicking on element
2017-10-25 10:30:07,208 [main] INFO  com.zalando.base.BaseClass - Searching the product : DK151H09R-C11
2017-10-25 10:30:07,208 [main] INFO  com.zalando.page.ObjectRepository - Searching for product DK151H09R-C11
2017-10-25 10:30:08,862 [main] INFO  com.zalando.commonUtils.CommonUtils - Element //*[@id='searchContent'] found. Clicking on element
2017-10-25 10:30:09,255 [main] INFO  com.zalando.commonUtils.CommonUtils - Element //*[@id='searchButtonTopSubmit'] found. Clicking on element
2017-10-25 10:30:12,866 [main] INFO  com.zalando.base.BaseClass - Checking if the product is valid
2017-10-25 10:30:14,128 [main] INFO  com.zalando.base.BaseClass - Product found. Checking if the product is on stock
2017-10-25 10:30:14,220 [main] INFO  com.zalando.base.BaseClass - Adding the product to Cart
2017-10-25 10:30:14,443 [main] INFO  com.zalando.commonUtils.CommonUtils - Element //*[@id='z-pdp-topSection-addToCartButton'] found. Clicking on element
2017-10-25 10:30:14,607 [main] INFO  com.zalando.page.ObjectRepository - Product Added to bag
2017-10-25 10:30:14,723 [main] INFO  com.zalando.page.ObjectRepository - Clicking On Cart Icon
2017-10-25 10:30:14,886 [main] INFO  com.zalando.commonUtils.CommonUtils - Element //a[@href='/cart/'] found. Clicking on element
2017-10-25 10:30:17,621 [main] INFO  com.zalando.page.ObjectRepository - Selecting the quantity
2017-10-25 10:30:21,673 [main] INFO  com.zalando.page.ObjectRepository - Moving to wishlist
2017-10-25 10:38:43,801 [main] INFO  com.zalando.base.BaseClass - Creating Chrome Driver
2017-10-25 10:38:43,845 [main] INFO  com.zalando.base.BaseClass - Setting Chrome Capabilities and initiating Chrome Driver
2017-10-25 10:38:49,163 [main] INFO  com.zalando.base.BaseClass - Getting the test data from the test data sheet
2017-10-25 10:38:49,176 [main] INFO  com.zalando.commonUtils.CommonUtils - Maximising browser window
2017-10-25 10:38:52,332 [main] INFO  com.zalando.commonUtils.CommonUtils - Hitting the URL https://www.zalando.de/
2017-10-25 10:39:03,299 [main] INFO  com.zalando.page.ObjectRepository - Clicking On Login Icon
2017-10-25 10:39:03,481 [main] INFO  com.zalando.commonUtils.CommonUtils - Element //*[@id='fieldAccountAccountBox'] found. Clicking on element
2017-10-25 10:39:05,964 [main] INFO  com.zalando.commonUtils.CommonUtils - Element //*[@id='fieldLogin'] found. Clicking on element
2017-10-25 10:39:10,361 [main] INFO  com.zalando.commonUtils.CommonUtils - Element //button[contains(@class,'login_button')] found. Clicking on element
2017-10-25 10:39:12,505 [main] INFO  com.zalando.base.BaseClass - Searching the product : DK151H09R-C11
2017-10-25 10:39:12,506 [main] INFO  com.zalando.page.ObjectRepository - Searching for product DK151H09R-C11
2017-10-25 10:39:14,698 [main] INFO  com.zalando.commonUtils.CommonUtils - Element //*[@id='searchContent'] found. Clicking on element
2017-10-25 10:39:15,299 [main] INFO  com.zalando.commonUtils.CommonUtils - Element //*[@id='searchButtonTopSubmit'] found. Clicking on element
2017-10-25 10:39:19,772 [main] INFO  com.zalando.base.BaseClass - Checking if the product is valid
2017-10-25 10:39:21,673 [main] INFO  com.zalando.base.BaseClass - Product found. Checking if the product is on stock
2017-10-25 10:39:21,705 [main] INFO  com.zalando.base.BaseClass - Adding the product to Cart
2017-10-25 10:39:21,903 [main] INFO  com.zalando.commonUtils.CommonUtils - Element //*[@id='z-pdp-topSection-addToCartButton'] found. Clicking on element
2017-10-25 10:39:22,074 [main] INFO  com.zalando.page.ObjectRepository - Product Added to bag
2017-10-25 10:39:22,185 [main] INFO  com.zalando.page.ObjectRepository - Clicking On Cart Icon
2017-10-25 10:39:22,394 [main] INFO  com.zalando.commonUtils.CommonUtils - Element //a[@href='/cart/'] found. Clicking on element
2017-10-25 10:39:25,249 [main] INFO  com.zalando.page.ObjectRepository - Selecting the quantity
2017-10-25 10:39:29,581 [main] INFO  com.zalando.page.ObjectRepository - Moving to wishlist
2017-10-25 10:41:56,564 [main] INFO  com.zalando.base.BaseClass - Creating Chrome Driver
2017-10-25 10:41:56,597 [main] INFO  com.zalando.base.BaseClass - Setting Chrome Capabilities and initiating Chrome Driver
2017-10-25 10:42:00,247 [main] INFO  com.zalando.base.BaseClass - Getting the test data from the test data sheet
2017-10-25 10:42:00,252 [main] INFO  com.zalando.commonUtils.CommonUtils - Maximising browser window
2017-10-25 10:42:03,436 [main] INFO  com.zalando.commonUtils.CommonUtils - Hitting the URL https://www.zalando.de/
2017-10-25 10:42:10,797 [main] INFO  com.zalando.page.ObjectRepository - Clicking On Login Icon
2017-10-25 10:42:10,941 [main] INFO  com.zalando.commonUtils.CommonUtils - Element //*[@id='fieldAccountAccountBox'] found. Clicking on element
2017-10-25 10:42:13,220 [main] INFO  com.zalando.commonUtils.CommonUtils - Element //*[@id='fieldLogin'] found. Clicking on element
2017-10-25 10:42:16,049 [main] INFO  com.zalando.commonUtils.CommonUtils - Element //button[contains(@class,'login_button')] found. Clicking on element
2017-10-25 10:42:18,178 [main] INFO  com.zalando.base.BaseClass - Searching the product : DK151H09R-C11
2017-10-25 10:42:18,178 [main] INFO  com.zalando.page.ObjectRepository - Searching for product DK151H09R-C11
2017-10-25 10:42:20,461 [main] INFO  com.zalando.commonUtils.CommonUtils - Element //*[@id='searchContent'] found. Clicking on element
2017-10-25 10:42:20,874 [main] INFO  com.zalando.commonUtils.CommonUtils - Element //*[@id='searchButtonTopSubmit'] found. Clicking on element
2017-10-25 10:42:24,367 [main] INFO  com.zalando.base.BaseClass - Checking if the product is valid
2017-10-25 10:42:25,631 [main] INFO  com.zalando.base.BaseClass - Product found. Checking if the product is on stock
2017-10-25 10:42:25,680 [main] INFO  com.zalando.base.BaseClass - Adding the product to Cart
2017-10-25 10:42:25,931 [main] INFO  com.zalando.commonUtils.CommonUtils - Element //*[@id='z-pdp-topSection-addToCartButton'] found. Clicking on element
2017-10-25 10:42:26,226 [main] INFO  com.zalando.page.ObjectRepository - Product Added to bag
2017-10-25 10:42:27,197 [main] INFO  com.zalando.page.ObjectRepository - Clicking On Cart Icon
2017-10-25 10:42:27,416 [main] INFO  com.zalando.commonUtils.CommonUtils - Element //a[@href='/cart/'] found. Clicking on element
2017-10-25 10:42:28,896 [main] INFO  com.zalando.page.ObjectRepository - Selecting the quantity
2017-10-25 10:42:32,888 [main] INFO  com.zalando.page.ObjectRepository - Moving to wishlist
2017-10-25 10:52:53,534 [main] INFO  com.zalando.base.BaseClass - Creating Chrome Driver
2017-10-25 10:52:53,565 [main] INFO  com.zalando.base.BaseClass - Setting Chrome Capabilities and initiating Chrome Driver
2017-10-25 10:52:57,168 [main] INFO  com.zalando.base.BaseClass - Getting the test data from the test data sheet
2017-10-25 10:52:57,181 [main] INFO  com.zalando.commonUtils.CommonUtils - Maximising browser window
2017-10-25 10:53:00,392 [main] INFO  com.zalando.commonUtils.CommonUtils - Hitting the URL https://www.zalando.de/
2017-10-25 10:53:09,072 [main] INFO  com.zalando.page.ObjectRepository - Clicking On Login Icon
2017-10-25 10:53:09,312 [main] INFO  com.zalando.commonUtils.CommonUtils - Element //*[@id='fieldAccountAccountBox'] found. Clicking on element
2017-10-25 10:53:11,765 [main] INFO  com.zalando.commonUtils.CommonUtils - Element //*[@id='fieldLogin'] found. Clicking on element
2017-10-25 10:53:14,668 [main] INFO  com.zalando.commonUtils.CommonUtils - Element //button[contains(@class,'login_button')] found. Clicking on element
2017-10-25 10:53:16,782 [main] INFO  com.zalando.base.BaseClass - Searching the product : DK151H09R-C11
2017-10-25 10:53:16,783 [main] INFO  com.zalando.page.ObjectRepository - Searching for product DK151H09R-C11
2017-10-25 10:53:19,805 [main] INFO  com.zalando.commonUtils.CommonUtils - Element //*[@id='searchContent'] found. Clicking on element
2017-10-25 10:53:20,219 [main] INFO  com.zalando.commonUtils.CommonUtils - Element //*[@id='searchButtonTopSubmit'] found. Clicking on element
2017-10-25 10:53:23,708 [main] INFO  com.zalando.base.BaseClass - Checking if the product is valid
2017-10-25 10:53:24,953 [main] INFO  com.zalando.base.BaseClass - Product found. Checking if the product is on stock
2017-10-25 10:53:24,986 [main] INFO  com.zalando.base.BaseClass - Adding the product to Cart
2017-10-25 10:53:25,237 [main] INFO  com.zalando.commonUtils.CommonUtils - Element //*[@id='z-pdp-topSection-addToCartButton'] found. Clicking on element
2017-10-25 10:53:25,443 [main] INFO  com.zalando.page.ObjectRepository - Product Added to bag
2017-10-25 10:53:25,569 [main] INFO  com.zalando.page.ObjectRepository - Clicking On Cart Icon
2017-10-25 10:53:26,504 [main] INFO  com.zalando.commonUtils.CommonUtils - Element //a[@href='/cart/'] found. Clicking on element
2017-10-25 10:53:27,923 [main] INFO  com.zalando.page.ObjectRepository - Selecting the quantity
2017-10-25 10:53:31,946 [main] INFO  com.zalando.page.ObjectRepository - Moving to wishlist
2017-10-25 11:27:53,651 [main] INFO  com.zalando.base.BaseClass - Creating Chrome Driver
2017-10-25 11:27:53,683 [main] INFO  com.zalando.base.BaseClass - Setting Chrome Capabilities and initiating Chrome Driver
2017-10-25 11:28:02,196 [main] INFO  com.zalando.base.BaseClass - Getting the test data from the test data sheet
2017-10-25 11:28:02,243 [main] INFO  com.zalando.commonUtils.CommonUtils - Maximising browser window
2017-10-25 11:28:05,640 [main] INFO  com.zalando.commonUtils.CommonUtils - Hitting the URL https://www.zalando.de/
2017-10-25 11:28:20,364 [main] INFO  com.zalando.page.ObjectRepository - Clicking On Login Icon
2017-10-25 11:28:20,600 [main] INFO  com.zalando.commonUtils.CommonUtils - Element //*[@id='fieldAccountAccountBox'] found. Clicking on element
2017-10-25 11:28:22,978 [main] INFO  com.zalando.commonUtils.CommonUtils - Element //*[@id='fieldLogin'] found. Clicking on element
2017-10-25 11:28:27,423 [main] INFO  com.zalando.commonUtils.CommonUtils - Element //button[contains(@class,'login_button')] found. Clicking on element
2017-10-25 11:28:29,544 [main] INFO  com.zalando.base.BaseClass - Searching the product : DK151H09R-C11
2017-10-25 11:28:29,544 [main] INFO  com.zalando.page.ObjectRepository - Searching for product DK151H09R-C11
2017-10-25 11:28:33,651 [main] INFO  com.zalando.commonUtils.CommonUtils - Element //*[@id='searchContent'] found. Clicking on element
2017-10-25 11:28:34,415 [main] INFO  com.zalando.commonUtils.CommonUtils - Element //*[@id='searchButtonTopSubmit'] found. Clicking on element
2017-10-25 11:28:46,376 [main] INFO  com.zalando.base.BaseClass - Checking if the product is valid
2017-10-25 11:28:51,221 [main] INFO  com.zalando.base.BaseClass - Product found. Checking if the product is on stock
2017-10-25 11:28:51,269 [main] INFO  com.zalando.base.BaseClass - Adding the product to Cart
2017-10-25 11:28:51,459 [main] INFO  com.zalando.commonUtils.CommonUtils - Element //*[@id='z-pdp-topSection-addToCartButton'] found. Clicking on element
2017-10-25 11:28:51,629 [main] INFO  com.zalando.page.ObjectRepository - Product Added to bag
2017-10-25 11:28:51,759 [main] INFO  com.zalando.page.ObjectRepository - Clicking On Cart Icon
2017-10-25 11:28:53,866 [main] INFO  com.zalando.commonUtils.CommonUtils - Element //a[@href='/cart/'] found. Clicking on element
2017-10-25 11:28:56,262 [main] INFO  com.zalando.page.ObjectRepository - Selecting the quantity
2017-10-25 11:29:01,899 [main] INFO  com.zalando.page.ObjectRepository - Moving to wishlist
2017-10-25 11:29:01,952 [main] INFO  com.zalando.page.ObjectRepository - Product Already in wishlist
